2024-10-29 20:41:02 - Полный текст сообщения из канала PUMPY gamble:
CBAZNZrZtiBB3GToBqCZ9sRiXZV1z81F6ncH9Exqpump

63k

gamble

2024-10-29 20:56:29 - Полный текст сообщения из канала PUMPY gamble:
20->100

2024-10-29 21:05:36 - Полный текст сообщения из канала PUMPY gamble:
dca is key

2024-10-29 21:05:36 - Полный текст сообщения из канала PUMPY gamble:
cto lead gay i’m
sold

2024-10-29 21:27:01 - Полный текст сообщения из канала lvv | PUMPY:
yo im back from short trip.

market drained af after ai meta.

will share some plays if it will look decent.

google tab. updated. road to the goals.

2024-10-29 21:52:46 - Полный текст сообщения из канала lvv | PUMPY:
shorted btc. 
i’m waiting “sell the news” after tramp win
or dump after kamala win

2024-10-29 22:33:52 - Полный текст сообщения из канала lvv | PUMPY:
✅ $SOL — #DexPaid!
 ├ MC: $0 | Age: 75d
 └ So11111111111111111111111111111111111111112

DS • BE • DT • 𝕏srch

BLX • TRO • BNK • PHO • STB
BAN • AVE • GMGN • MVX

2024-10-29 22:33:58 - Полный текст сообщения из канала lvv | PUMPY:
lmao

2024-10-29 22:48:31 - Полный текст сообщения из канала PUMPY gamble:
33aY2XDYFfbANyBKGiAGUb7kYb4sY9SqPcUZPrwRpump

gambled here

2024-10-29 22:54:58 - Полный текст сообщения из канала PUMPY gamble:
liked this pic

2024-10-29 22:54:58 - Полный текст сообщения из канала PUMPY gamble:
bonded. 2x

2024-10-29 23:09:58 - Полный текст сообщения из канала PUMPY gamble:
3x

2024-10-29 23:10:35 - Полный текст сообщения из канала PUMPY gamble:
4x

2024-10-29 23:14:27 - Полный текст сообщения из канала PUMPY gamble:
???

2024-10-29 23:15:02 - Полный текст сообщения из канала PUMPY gamble:
8x

2024-10-29 23:24:58 - Полный текст сообщения из канала PUMPY gamble:
18x

2024-10-29 23:28:10 - Полный текст сообщения из канала PUMPY gamble:
x25

2024-10-29 23:28:10 - Полный текст сообщения из канала PUMPY gamble:
sold +30sol and have 1% of supply moonbag

2024-10-29 23:31:51 - Полный текст сообщения из канала PUMPY gamble:
1m. 33x

2024-10-29 23:32:47 - Полный текст сообщения из канала PUMPY gamble:
oh no

2024-10-29 23:32:47 - Полный текст сообщения из канала PUMPY gamble:


2024-10-29 23:36:17 - Полный текст сообщения из канала PUMPY gamble:
55x

2024-10-29 23:40:59 - Полный текст сообщения из канала lvv | PUMPY:
55x

2024-10-29 23:47:47 - Полный текст сообщения из канала PUMPY gamble:


2024-10-29 23:55:14 - Полный текст сообщения из канала PUMPY gamble:
100x. one flip is all what u need

main: @lvvpumpy

2024-10-30 00:28:26 - Полный текст сообщения из канала PUMPY gamble:
4.6m candle. 150x

main: @lvvpumpy

2024-10-30 01:04:24 - Полный текст сообщения из канала lvv | PUMPY:
In general, I've started to notice that every win I have follows after I help the world around me, be it a passerby, a random grandma, friends or family.
(btw, I'm just back from fully resolving my mother's loan issue and there's a good sized instant win, so here's a thought).

and since there has to be a balance in the world I appeared to donate to a donation, most likely to the kids.

8dvQbFKtjHp3DrzmAfANeqHHH8tkqeyCG5v6s5PAPGwFg

above is a wallet for those who want to join.
I know there are not few channel owners subscribed to me, I invite you to join 😁

Yes, the post does not look official. cuz im natural nigga who playing for culture

donated 5sol from myself

2024-10-30 01:47:58 - Полный текст сообщения из канала PUMPY gamble:
/next_one

2024-10-30 01:57:20 - Полный текст сообщения из канала lvv | PUMPY:
💀

2024-10-30 01:58:06 - Полный текст сообщения из канала lvv | PUMPY:
and dont see $animal here

2024-10-30 01:58:19 - Полный текст сообщения из канала lvv | PUMPY:
u know where to find next wallet and challenge

2024-10-30 04:48:19 - Полный текст сообщения из канала lvv | PUMPY:
its not trading addy mfers.

addy for kids donation

2024-10-30 04:58:17 - Полный текст сообщения из канала PUMPY gamble:
In general, I've started to notice that every win I have follows after I help the world around me, be it a passerby, a random grandma, friends or family.
(btw, I'm just back from fully resolving my mother's loan issue and there's a good sized instant win, so here's a thought).

and since there has to be a balance in the world I appeared to donate, most likely to the kids.

5u8RRVULLVNsf7ZYLaAqWex8kqpvHyDSBoR6JZ5yHa9D  sol

0xa55BD4aEfE2D8B496E329bfd40c16616458c1475  usdt, bep/erc

above is a wallet for those who want to join.
I know there are not few channel owners subscribed to me, I invite you to join 😁

Yes, the post does not look official. cuz im natural nigga who playing for culture

donated 5sol from myself

2024-10-30 05:21:36 - Полный текст сообщения из канала PUMPY gamble:
J82NaLpNXmBHgHQ229jko8mtPLyxCaRK7Wq6ZTGcpump

gamble. no info. 25k

2024-10-30 05:24:04 - Полный текст сообщения из канала PUMPY gamble:
bond. 3x

2024-10-30 05:24:04 - Полный текст сообщения из канала PUMPY gamble:
https://x.com/bungarsargon/status/1851399438066966760

2024-10-30 05:24:04 - Полный текст сообщения из канала PUMPY gamble:
lmao

2024-10-30 05:28:17 - Полный текст сообщения из канала PUMPY gamble:
100k'

2024-10-30 05:28:17 - Полный текст сообщения из канала PUMPY gamble:
150

2024-10-30 05:39:38 - Полный текст сообщения из канала lvv | PUMPY:
https://t.me/BloomSolana_bot?start=ref_K1LBP9GO2P

really fast tx`s 

and 0.5% fees. recommend for use

2024-10-30 05:43:17 - Полный текст сообщения из канала PUMPY gamble:
here was 15% dev and sold

2024-10-30 05:43:17 - Полный текст сообщения из канала PUMPY gamble:
had ez 10x and didnt sell lol

2024-10-30 05:43:17 - Полный текст сообщения из канала PUMPY gamble:


2024-10-30 05:43:17 - Полный текст сообщения из канала PUMPY gamble:


2024-10-30 05:43:17 - Полный текст сообщения из канала PUMPY gamble:
https://t.me/BloomSolana_bot?start=ref_K1LBP9GO2P

really fast tx`s 

and 0.5% fees. recommend for use

2024-10-30 06:25:01 - Полный текст сообщения из канала lvv | PUMPY:
yo niggers. its real a good chance for u to make non-gambling money or money for redeposit 😆

fastest bot i have ever seen. 

no one dont know about bloom, 10% Referral Discount, 3 lvl`s for refs and u still dont shill it? lazy pussies  

https://t.me/BloomSolana_bot?start=ref_K1LBP9GO2P

2024-10-30 06:25:33 - Полный текст сообщения из канала PUMPY gamble:
yo niggers. its real a good chance for u to make non-gambling money or money for redeposit 😆

fastest bot i have ever seen. 

no one dont know about bloom, 10% Referral Discount, 3 lvl`s for refs and u still dont shill it? lazy pussies  

https://t.me/BloomSolana_bot?start=ref_K1LBP9GO2P

2024-10-30 06:33:48 - Полный текст сообщения из канала lvv | PUMPY:
just try 0.01sol ape for test and u will understand why its third post about bot

2024-10-30 06:43:18 - Полный текст сообщения из канала PUMPY gamble:
just try 0.01sol ape for test and u will understand why its third post about bot

2024-10-30 07:25:38 - Полный текст сообщения из канала PUMPY gamble:
FLayaUPfFxmC1Vz3i4ebKT9uwEVv4ribyCqENnQ9pump

gamble. mb good narrative. mascot of holy america

2024-10-30 07:31:02 - Полный текст сообщения из канала PUMPY gamble:
2x

2024-10-30 07:31:02 - Полный текст сообщения из канала PUMPY gamble:
3x

2024-10-30 07:33:34 - Полный текст сообщения из канала PUMPY gamble:
☺️

2024-10-30 07:41:47 - Полный текст сообщения из канала PUMPY gamble:
6x

2024-10-30 07:41:47 - Полный текст сообщения из канала PUMPY gamble:
500k. 12x

2024-10-30 07:42:08 - Полный текст сообщения из канала PUMPY gamble:
moonbags

2024-10-30 07:42:08 - Полный текст сообщения из канала PUMPY gamble:
700k

2024-10-30 07:42:08 - Полный текст сообщения из канала PUMPY gamble:
oh fuk

2024-10-30 07:56:47 - Полный текст сообщения из канала PUMPY gamble:
ho lee fuk

2024-10-30 08:14:18 - Полный текст сообщения из канала PUMPY gamble:
700k again

2024-10-30 08:39:59 - Полный текст сообщения из канала PUMPY gamble:
forgot about call

2024-10-30 08:40:01 - Полный текст сообщения из канала PUMPY gamble:
/next_one

2024-10-30 08:43:02 - Полный текст сообщения из канала PUMPY gamble:
3m

2024-10-30 08:43:02 - Полный текст сообщения из канала PUMPY gamble:
wtf

2024-10-30 08:44:36 - Полный текст сообщения из канала PUMPY gamble:


2024-10-30 08:44:42 - Полный текст сообщения из канала PUMPY gamble:


2024-10-30 08:45:06 - Полный текст сообщения из канала PUMPY gamble:
Dogenes The Cynic ($Dogenes)

🪙 CA: E6N1aagrUTAqtAe6DnV4bctib37tCERbr2TPiHzrpump 

💊 Info:
├ 🏆 KOTH: 7s ago
├ ⏳ Token Age: 2m 25s ago
├ 💬 Comments: 4
└ 📊 MC: $40.5K

📊 Volume:
├ ⏳ 1m: ⬆️ 36 / ⬇️ 14 🟢 | 💰 $11.2K | 📈 $5.4K 🔵
├ ⏳ 5m: ⬆️ 68 / ⬇️ 25 🟢 | 💰 $21.6K | 📈 $9.5K 🔵
└ ⏳ 1h: ⬆️ 68 / ⬇️ 25 🟢 | 💰 $21.6K | 📈 $9.5K 🔵

🌐 Socials:
└ WEB ⚠ | TG ⚠ | X ✅
└ 𝕏 stats - @dogecoin 🔵 | 👥: 4M | 🐦: 1.0K
❕Detect tweet - 💬: 29 | 🔁: 23 | ❤: 134 | 👁️: 3.7K

👨‍🍳 Dev:
├ Solscan | PF profile
├ UN: ✅ | PFP: ✅ | BIO: ✅ | Hold: 0.00% 🟢
├ Likes: 3 | Mentions: 0
├ Bal: 19.45 SOL 🟢 | Txs: 52 🟡
├ Transfer from HELP...tpvp for 0.00 SOL 🔴
├ ⚠ This transfer is repeated 1 times.
└ ⚠ This transfer has 17 created tokens.

🛠 Previous Tokens:
├ Deployed: 16 🔴
├ Hit Ray: 1 🟡
├ KOTH: 2 🟢
└ Last 5 tokens: 6K 🔴 | 6K 🔴 | 6K 🔴 | 6K 🔴 | 6K 🔴

👛 Holders:
├ Total: 51
└ Top10: 30% | Top20: 34%

🌳 Fresh stats:
├ 🌱:   5 | 🎒: 4.5% 🟢 | 🔢: 1 / 5 🔴
├ 🌿:   1 | 🎒: 0.2% ⚠️ | 🔢: 1 / 1 🟢
└ 🌳: 11 | 🎒: 5.2% 🟢 | 🔢: 5 / 11 🔴

🤖 Bot stats:
├ 🐂:   8 | 🎒: 2.3% 🟢 | 🔢: 6 / 8 🟡
├ 👻:   9 | 🎒: 14.7% 🟠 | 🔢: 9 / 9 🟢
├ 🐎:   2 | 🎒: 0.7% 🟢 | 🔢: 2 / 2 🟢
└ 👥: 32 | 🎒: 16.7% 🟠 | 🔢: 6 / 32 🔴

🏆 Good Traders Stats:
├ 🥇:   2 | 🎒: 4.5% 🟢 | 🔢: 1 / 2 🟡
├ 🥈:   7 | 🎒: 0.5% ⚠️ | 🔢: 1 / 7 🔴
├ 🥉: 33 | 🎒: 25.0% 🔴 | 🔢: 16 / 33 🔴
└ 🫥:   9 | 🎒: 4.5% 🟢 | 🔢: 5 / 9 🟡

PMP | PFV | DEX | GMGN | RUG
BLX | BNK | PHO | TRO | STB | MSB | PBOOST

#DYOR

2024-10-30 08:45:11 - Полный текст сообщения из канала PUMPY gamble:
found here btw

2024-10-30 09:31:08 - Полный текст сообщения из канала PUMPY gamble:
https://t.me/nmf_sol_bot

2024-10-30 10:08:50 - Полный текст сообщения из канала lvv | PUMPY:
!!!!

2024-10-30 23:40:28 - Полный текст сообщения из канала lvv | PUMPY:


2024-10-31 00:46:27 - Полный текст сообщения из канала lvv | PUMPY:
new wallet announced here

2024-10-31 20:27:33 - Полный текст сообщения из канала lvv | PUMPY:


2024-11-01 01:13:41 - Полный текст сообщения из канала lvv | PUMPY:
kek

2024-11-01 01:15:59 - Полный текст сообщения из канала lvv | PUMPY:


2024-11-01 01:17:09 - Полный текст сообщения из канала lvv | PUMPY:


2024-11-01 01:57:15 - Полный текст сообщения из канала PUMPY gamble:
9bJxTx8cbRV9VuLvK7e2rTGm5Us5akVwmpB128ccSLQy


find entry ~80k now

2024-11-01 01:57:40 - Полный текст сообщения из канала PUMPY gamble:
sol cat 5m, here is old dog with 50% sent too

2024-11-01 02:46:11 - Полный текст сообщения из канала PUMPY gamble:
depends from HIMA, if cat will go down better to sell dog

2024-11-01 04:18:26 - Полный текст сообщения из канала PUMPY gamble:
hima 6.3m

2024-11-01 04:35:39 - Полный текст сообщения из канала lvv | PUMPY:
Market Cap: $9.41M

damn

2024-11-01 05:28:18 - Полный текст сообщения из канала lvv | PUMPY:
23m

gggggggggg

2024-11-01 05:29:40 - Полный текст сообщения из канала PUMPY gamble:
23m cat

send fucking dog

2024-11-01 05:36:44 - Полный текст сообщения из канала PUMPY gamble:
ok x2

2024-11-01 05:38:06 - Полный текст сообщения из канала PUMPY gamble:
finally moticed

2024-11-01 05:38:06 - Полный текст сообщения из канала PUMPY gamble:
lol

2024-11-01 05:38:11 - Полный текст сообщения из канала PUMPY gamble:
220k

2024-11-01 07:06:22 - Полный текст сообщения из канала PUMPY gamble:
9VqQj8WbzcEXLfzRaQMxytsjQxZ481Js4Wkag57npump


im aped here. 200k. same like hima from solana github. but she atleast had old twitter https://x.com/aikonft

2024-11-01 07:07:59 - Полный текст сообщения из канала PUMPY gamble:


2024-11-01 07:07:59 - Полный текст сообщения из канала PUMPY gamble:
dyor

2024-11-01 07:23:02 - Полный текст сообщения из канала lvv | PUMPY:
ok. im touched 100sol in last challenge, but had a chance to make 1000sol+ but sold cuz didnt see volume.

and now i started fomo aping and lose money, lol. so ill busy irl and need take some rest from trading too! 

last 2weeks was hot and i made enough to take rest and dont make stupid mistakes

goal completed with 75% 

My challenges list:

1st: 1 -> 115sol ath
2nd: 1 -> 270sol ath
3rd: 2 -> ~140sol ath
4th: 0.5 -> 150 sol ath
5th: 1 - > 120sol ath
6th: 1->750sol
7th: 1->102sol

7challenges!
Now every hater can just suck a big dildo :) 

my new twitter: https://x.com/lvvpumpy
great tool for trading: https://t.me/nmf_sol_bot (next challenges and good info will be announced here)

2024-11-01 07:24:40 - Полный текст сообщения из канала lvv | PUMPY:
https://x.com/lvvpumpy sub here mfers

2024-11-01 07:36:44 - Полный текст сообщения из канала lvv | PUMPY:
predicted.

2024-11-01 08:22:00 - Полный текст сообщения из канала lvv | PUMPY:
ok i’m gave up with fomo and bought hami with challenge money for long term if it won’t just die.

100sol in with 9m entry

